0 info it worked if it ends with ok
1 verbose cli [ 'D:\\Program Files\\nodejs\\node.exe',
1 verbose cli   'D:\\Program Files\\nodejs\\node_modules\\npm\\bin\\npm-cli.js',
1 verbose cli   'run',
1 verbose cli   'dev',
1 verbose cli   '--scripts-prepend-node-path=auto' ]
2 info using npm@3.10.10
3 info using node@v6.11.2
4 verbose run-script [ 'predev', 'dev', 'postdev' ]
5 info lifecycle vue-element-admin@4.2.1~predev: vue-element-admin@4.2.1
6 silly lifecycle vue-element-admin@4.2.1~predev: no script for predev, continuing
7 info lifecycle vue-element-admin@4.2.1~dev: vue-element-admin@4.2.1
8 verbose lifecycle vue-element-admin@4.2.1~dev: unsafe-perm in lifecycle true
9 verbose lifecycle vue-element-admin@4.2.1~dev: PATH: D:\Program Files\nodejs\node_modules\npm\bin\node-gyp-bin;E:\work\aims\new\data-center\data-center-admin-front\node_modules\.bin;D:\Program Files\JetBrains\IntelliJ IDEA 2019.2\jbr\\bin;D:\Program Files\JetBrains\IntelliJ IDEA 2019.2\jbr\\bin\server;D:\Program Files\Java\jdk1.6.0_31\bin;D:\Program Files\Git\bin;d:\Program Files\Docker Toolbox;D:\Program Files\apache-ant-1.9.7\bin;D:\oracle\product\10.2.0\client_1;C:\Program Files (x86)\Intel\iCLS Client\;C:\Program Files\Intel\iCLS Client\;C:\Program Files (x86)\NVIDIA Corporation\PhysX\Common;C:\Windows\system32;C:\Windows;C:\Windows\System32\Wbem;C:\Windows\System32\WindowsPowerShell\v1.0\;C:\Program Files\Intel\Intel(R) Management Engine Components\DAL;C:\Program Files\Intel\Intel(R) Management Engine Components\IPT;C:\Program Files (x86)\Intel\Intel(R) Management Engine Components\DAL;C:\Program Files (x86)\Intel\Intel(R) Management Engine Components\IPT;D:\Program Files\maven\bin;C:\Program Files (x86)\Microsoft SQL Server\100\Tools\Binn\;C:\Program Files\Microsoft SQL Server\100\Tools\Binn\;C:\Program Files\Microsoft SQL Server\100\DTS\Binn\;d:\Program Files (x86)\Rational\common;D:\Program Files\nodejs\;D:\Program Files\Python\Python36;D:\Program Files\Python\Python36\Scripts\;C:\Program Files\Git\cmd;D:\Program Files\TortoiseSVN\bin
10 verbose lifecycle vue-element-admin@4.2.1~dev: CWD: E:\work\aims\new\data-center\data-center-admin-front
11 silly lifecycle vue-element-admin@4.2.1~dev: Args: [ '/d /s /c', 'vue-cli-service serve' ]
12 silly lifecycle vue-element-admin@4.2.1~dev: Returned: code: 1  signal: null
13 info lifecycle vue-element-admin@4.2.1~dev: Failed to exec dev script
14 verbose stack Error: vue-element-admin@4.2.1 dev: `vue-cli-service serve`
14 verbose stack Exit status 1
14 verbose stack     at EventEmitter.<anonymous> (D:\Program Files\nodejs\node_modules\npm\lib\utils\lifecycle.js:255:16)
14 verbose stack     at emitTwo (events.js:106:13)
14 verbose stack     at EventEmitter.emit (events.js:191:7)
14 verbose stack     at ChildProcess.<anonymous> (D:\Program Files\nodejs\node_modules\npm\lib\utils\spawn.js:40:14)
14 verbose stack     at emitTwo (events.js:106:13)
14 verbose stack     at ChildProcess.emit (events.js:191:7)
14 verbose stack     at maybeClose (internal/child_process.js:891:16)
14 verbose stack     at Process.ChildProcess._handle.onexit (internal/child_process.js:226:5)
15 verbose pkgid vue-element-admin@4.2.1
16 verbose cwd E:\work\aims\new\data-center\data-center-admin-front
17 error Windows_NT 6.1.7601
18 error argv "D:\\Program Files\\nodejs\\node.exe" "D:\\Program Files\\nodejs\\node_modules\\npm\\bin\\npm-cli.js" "run" "dev" "--scripts-prepend-node-path=auto"
19 error node v6.11.2
20 error npm  v3.10.10
21 error code ELIFECYCLE
22 error vue-element-admin@4.2.1 dev: `vue-cli-service serve`
22 error Exit status 1
23 error Failed at the vue-element-admin@4.2.1 dev script 'vue-cli-service serve'.
23 error Make sure you have the latest version of node.js and npm installed.
23 error If you do, this is most likely a problem with the vue-element-admin package,
23 error not with npm itself.
23 error Tell the author that this fails on your system:
23 error     vue-cli-service serve
23 error You can get information on how to open an issue for this project with:
23 error     npm bugs vue-element-admin
23 error Or if that isn't available, you can get their info via:
23 error     npm owner ls vue-element-admin
23 error There is likely additional logging output above.
24 verbose exit [ 1, true ]
